[debug] [2025-07-05T03:27:35.290Z] ----------------------------------------------------------------------
[debug] [2025-07-05T03:27:35.318Z] Command:       C:\Program Files\nodejs\node.exe C:\Users\HP\AppData\Roaming\npm\node_modules\firebase-tools\lib\bin\firebase.js deploy
[debug] [2025-07-05T03:27:35.319Z] CLI Version:   14.8.0
[debug] [2025-07-05T03:27:35.319Z] Platform:      win32
[debug] [2025-07-05T03:27:35.320Z] Node Version:  v22.16.0
[debug] [2025-07-05T03:27:35.321Z] Time:          Sat Jul 05 2025 08:57:35 GMT+0530 (India Standard Time)
[debug] [2025-07-05T03:27:35.322Z] ----------------------------------------------------------------------
[debug] 
[debug] [2025-07-05T03:27:35.327Z] >>> [apiv2][query] GET https://firebase-public.firebaseio.com/cli.json [none]
[debug] [2025-07-05T03:27:36.106Z] > command requires scopes: ["email","openid","https://www.googleapis.com/auth/cloudplatformprojects.readonly","https://www.googleapis.com/auth/firebase","https://www.googleapis.com/auth/cloud-platform"]
[debug] [2025-07-05T03:27:36.106Z] > authorizing via signed-in user (jeevithgowdasr@gmail.com)
[debug] [2025-07-05T03:27:36.107Z] [iam] checking project saathi-helpline for permissions ["firebase.projects.get","firebasehosting.sites.update"]
[debug] [2025-07-05T03:27:36.108Z] Checked if tokens are valid: false, expires at: 1750506597837
[debug] [2025-07-05T03:27:36.109Z] Checked if tokens are valid: false, expires at: 1750506597837
[debug] [2025-07-05T03:27:36.109Z] > refreshing access token with scopes: []
[debug] [2025-07-05T03:27:36.111Z] >>> [apiv2][query] POST https://www.googleapis.com/oauth2/v3/token [none]
[debug] [2025-07-05T03:27:36.111Z] >>> [apiv2][body] POST https://www.googleapis.com/oauth2/v3/token [omitted]
[debug] [2025-07-05T03:27:36.125Z] *** [apiv2] error from fetch(https://firebase-public.firebaseio.com/cli.json, {"headers":{},"method":"GET"}): FetchError: request to https://firebase-public.firebaseio.com/cli.json failed, reason: getaddrinfo ENOTFOUND firebase-public.firebaseio.com
[warn] !  Unable to fetch the CLI MOTD and remote config. This is not a fatal error, but may indicate an issue with your network connection. 
[debug] [2025-07-05T03:27:36.128Z] Failed to fetch MOTD FirebaseError: Failed to make request to https://firebase-public.firebaseio.com/cli.json
[debug] [2025-07-05T03:27:36.129Z] *** [apiv2] error from fetch(https://www.googleapis.com/oauth2/v3/token, {"headers":{},"method":"POST","body":{"_overheadLength":545,"_valueLength":212,"_valuesToMeasure":[],"writable":false,"readable":true,"dataSize":0,"maxDataSize":2097152,"pauseStreams":true,"_released":true,"_streams":[],"_currentStream":null,"_insideLoop":false,"_pendingNext":false,"_boundary":"--------------------------984598392402830753011770","_events":{},"_eventsCount":1}}): FetchError: request to https://www.googleapis.com/oauth2/v3/token failed, reason: getaddrinfo ENOTFOUND www.googleapis.com
[error] Authentication Error: Your credentials are no longer valid. Please run firebase login --reauth

For CI servers and headless environments, generate a new token with firebase login:ci
[debug] [2025-07-05T03:27:36.130Z] [iam] error while checking permissions, command may fail: Authentication Error: Your credentials are no longer valid. Please run firebase login --reauth

For CI servers and headless environments, generate a new token with firebase login:ci
[debug] [2025-07-05T03:27:36.132Z] Checked if tokens are valid: false, expires at: 1750506597837
[debug] [2025-07-05T03:27:36.132Z] Checked if tokens are valid: false, expires at: 1750506597837
[debug] [2025-07-05T03:27:36.132Z] > refreshing access token with scopes: []
[debug] [2025-07-05T03:27:36.133Z] >>> [apiv2][query] POST https://www.googleapis.com/oauth2/v3/token [none]
[debug] [2025-07-05T03:27:36.133Z] >>> [apiv2][body] POST https://www.googleapis.com/oauth2/v3/token [omitted]
[debug] [2025-07-05T03:27:36.176Z] *** [apiv2] error from fetch(https://www.googleapis.com/oauth2/v3/token, {"headers":{},"method":"POST","body":{"_overheadLength":545,"_valueLength":212,"_valuesToMeasure":[],"writable":false,"readable":true,"dataSize":0,"maxDataSize":2097152,"pauseStreams":true,"_released":true,"_streams":[],"_currentStream":null,"_insideLoop":false,"_pendingNext":false,"_boundary":"--------------------------578700336767222580206627","_events":{},"_eventsCount":1}}): FetchError: request to https://www.googleapis.com/oauth2/v3/token failed, reason: getaddrinfo ENOTFOUND www.googleapis.com
[error] Authentication Error: Your credentials are no longer valid. Please run firebase login --reauth

For CI servers and headless environments, generate a new token with firebase login:ci
[debug] [2025-07-05T03:27:36.179Z] Authentication Error: Your credentials are no longer valid. Please run firebase login --reauth

For CI servers and headless environments, generate a new token with firebase login:ci
[error] 
[error] Error: Assertion failed: resolving hosting target of a site with no site name or target name. This should have caused an error earlier
[debug] [2025-07-05T03:28:09.885Z] ----------------------------------------------------------------------
[debug] [2025-07-05T03:28:09.892Z] Command:       C:\Program Files\nodejs\node.exe C:\Users\HP\AppData\Roaming\npm\node_modules\firebase-tools\lib\bin\firebase.js login --reauth
[debug] [2025-07-05T03:28:09.893Z] CLI Version:   14.8.0
[debug] [2025-07-05T03:28:09.893Z] Platform:      win32
[debug] [2025-07-05T03:28:09.893Z] Node Version:  v22.16.0
[debug] [2025-07-05T03:28:09.894Z] Time:          Sat Jul 05 2025 08:58:09 GMT+0530 (India Standard Time)
[debug] [2025-07-05T03:28:09.894Z] ----------------------------------------------------------------------
[debug] 
[debug] [2025-07-05T03:28:09.899Z] >>> [apiv2][query] GET https://firebase-public.firebaseio.com/cli.json [none]
[debug] [2025-07-05T03:28:11.253Z] *** [apiv2] error from fetch(https://firebase-public.firebaseio.com/cli.json, {"headers":{},"method":"GET"}): FetchError: request to https://firebase-public.firebaseio.com/cli.json failed, reason: getaddrinfo ENOTFOUND firebase-public.firebaseio.com
[warn] !  Unable to fetch the CLI MOTD and remote config. This is not a fatal error, but may indicate an issue with your network connection. 
[debug] [2025-07-05T03:28:11.256Z] Failed to fetch MOTD FirebaseError: Failed to make request to https://firebase-public.firebaseio.com/cli.json
[info] 
[info] Visit this URL on this device to log in:
[info] https://accounts.google.com/o/oauth2/auth?client_id=563584335869-fgrhgmd47bqnekij5i8b5pr03ho849e6.apps.googleusercontent.com&scope=email%20openid%20https%3A%2F%2Fwww.googleapis.com%2Fauth%2Fcloudplatformprojects.readonly%20https%3A%2F%2Fwww.googleapis.com%2Fauth%2Ffirebase%20https%3A%2F%2Fwww.googleapis.com%2Fauth%2Fcloud-platform&response_type=code&state=352766564&redirect_uri=http%3A%2F%2Flocalhost%3A9005&login_hint=jeevithgowdasr%40gmail.com
[info] 
[info] Waiting for authentication...
